hadd Target file: out/susyplot//merged//diboson_Dec_13.root
hadd Source file 1: out/susyplot/PowhegPythia8_AU2CT10_WpWm_me_Dec_13.root
hadd Source file 2: out/susyplot/PowhegPythia8_AU2CT10_WpWm_te_Dec_13.root
hadd Source file 3: out/susyplot/PowhegPythia8_AU2CT10_WpWm_ee_Dec_13.root
hadd Source file 4: out/susyplot/PowhegPythia8_AU2CT10_WpWm_mm_Dec_13.root
hadd Source file 5: out/susyplot/PowhegPythia8_AU2CT10_WpWm_em_Dec_13.root
hadd Source file 6: out/susyplot/gg2wwJimmy_AUET2CT10_WpWmtaunutaunu_Dec_13.root
hadd Source file 7: out/susyplot/gg2wwJimmy_AUET2CT10_WpWmenuenu_Dec_13.root
hadd Source file 8: out/susyplot/gg2wwJimmy_AUET2CT10_WpWmmunumunu_Dec_13.root
hadd Source file 9: out/susyplot/gg2wwJimmy_AUET2CT10_WpWmtaunuenu_Dec_13.root
hadd Source file 10: out/susyplot/gg2wwJimmy_AUET2CT10_WpWmenutaunu_Dec_13.root
hadd Source file 11: out/susyplot/gg2wwJimmy_AUET2CT10_WpWmmunutaunu_Dec_13.root
hadd Source file 12: out/susyplot/gg2wwJimmy_AUET2CT10_WpWmtaunumunu_Dec_13.root
hadd Source file 13: out/susyplot/gg2wwJimmy_AUET2CT10_WpWmenumunu_Dec_13.root
hadd Source file 14: out/susyplot/gg2wwJimmy_AUET2CT10_WpWmmunuenu_Dec_13.root
hadd Source file 15: out/susyplot/PowhegPythia8_AU2CT10_WpWm_tt_Dec_13.root
hadd Source file 16: out/susyplot/PowhegPythia8_AU2CT10_WpWm_mt_Dec_13.root
hadd Source file 17: out/susyplot/PowhegPythia8_AU2CT10_WpWm_tm_Dec_13.root
hadd Source file 18: out/susyplot/gg2ZZJimmy_AUET2CT10_ZZ2e2mu_Dec_13.root
hadd Source file 19: out/susyplot/Sherpa_CT10_llnunujj_SS_Dec_13.root
hadd Source file 20: out/susyplot/Sherpa_CT10_llnunu_SS_EW6_Dec_13.root
hadd Source file 21: out/susyplot/gg2ZZJimmy_AUET2CT10_ZZ4e_Dec_13.root
hadd Source file 22: out/susyplot/gg2ZZJimmy_AUET2CT10_ZZ4lep_Dec_13.root
hadd Source file 23: out/susyplot/gg2ZZJimmy_AUET2CT10_ZZ4mu_Dec_13.root
hadd Source file 24: out/susyplot/Sherpa_CT10_enugammaPt10_Dec_13.root
hadd Source file 25: out/susyplot/MadGraphPythia_AUET2BCTEQ6L1_ZZZStar_nunullll_Dec_13.root
hadd Source file 26: out/susyplot/MadGraphPythia_AUET2BCTEQ6L1_WWWStar_lnulnulnu_Dec_13.root
hadd Source file 27: out/susyplot/MadGraphPythia_AUET2BCTEQ6L1_ZWWStar_lllnulnu_Dec_13.root
hadd Source file 28: out/susyplot/Sherpa_CT10_VVtoeeqq_Dec_13.root
hadd Source file 29: out/susyplot/Sherpa_CT10_VVtomumuqq_Dec_13.root
hadd Source file 30: out/susyplot/Sherpa_CT10_VVtotautauqq_Dec_13.root
hadd Source file 31: out/susyplot/Sherpa_CT10_VVtoenuqq_Dec_13.root
hadd Source file 32: out/susyplot/Sherpa_CT10_VVtotaunuqq_Dec_13.root
hadd Source file 33: out/susyplot/Sherpa_CT10_VVtomunuqq_Dec_13.root
hadd Source file 34: out/susyplot/PowhegPythia8_AU2CT10_ZZ_4e_mll4_2pt5_Dec_13.root
hadd Source file 35: out/susyplot/PowhegPythia8_AU2CT10_ZZllnunu_tt_mll4_Dec_13.root
hadd Source file 36: out/susyplot/PowhegPythia8_AU2CT10_WZ_Wm11Z11_mll0p250d0_2L5_Dec_13.root
hadd Source file 37: out/susyplot/PowhegPythia8_AU2CT10_WZ_Wm11Z15_mll3p804d0_2L5_Dec_13.root
hadd Source file 38: out/susyplot/PowhegPythia8_AU2CT10_ZZllnunu_mm_mll4_Dec_13.root
hadd Source file 39: out/susyplot/PowhegPythia8_AU2CT10_WZ_Wm11Z13_mll0p4614d0_2L5_Dec_13.root
hadd Source file 40: out/susyplot/PowhegPythia8_AU2CT10_WZ_Wm13Z15_mll3p804d0_2L5_Dec_13.root
hadd Source file 41: out/susyplot/PowhegPythia8_AU2CT10_WZ_Wm15Z13_mll0p4614d0_2L5_Dec_13.root
hadd Source file 42: out/susyplot/PowhegPythia8_AU2CT10_WZ_Wm15Z15_mll3p804d0_2L5_Dec_13.root
hadd Source file 43: out/susyplot/PowhegPythia8_AU2CT10_WZ_Wm15Z11_mll0p250d0_2L5_Dec_13.root
hadd Source file 44: out/susyplot/PowhegPythia8_AU2CT10_WZ_Wm13Z11_mll0p250d0_2L5_Dec_13.root
hadd Source file 45: out/susyplot/PowhegPythia8_AU2CT10_WZ_W11Z11_mll0p250d0_2L5_Dec_13.root
hadd Source file 46: out/susyplot/PowhegPythia8_AU2CT10_WZ_W11Z13_mll0p4614d0_2L5_Dec_13.root
hadd Source file 47: out/susyplot/PowhegPythia8_AU2CT10_ZZ_4tau_mll4_2pt5_Dec_13.root
hadd Source file 48: out/susyplot/PowhegPythia8_AU2CT10_ZZllnunu_ee_mll4_Dec_13.root
hadd Source file 49: out/susyplot/PowhegPythia8_AU2CT10_ZZ_2mu2tau_mll4_2pt5_Dec_13.root
hadd Source file 50: out/susyplot/PowhegPythia8_AU2CT10_ZZ_2e2tau_mll4_2pt5_Dec_13.root
hadd Source file 51: out/susyplot/PowhegPythia8_AU2CT10_ZZ_4mu_mll4_2pt5_Dec_13.root
hadd Source file 52: out/susyplot/PowhegPythia8_AU2CT10_WZ_Wm13Z13_mll0p4614d0_2L5_Dec_13.root
hadd Source file 53: out/susyplot/Sherpa_CT10_munugammaPt10_Dec_13.root
hadd Source file 54: out/susyplot/PowhegPythia8_AU2CT10_ZZ_2e2mu_mll4_2pt5_Dec_13.root
hadd Source file 55: out/susyplot/PowhegPythia8_AU2CT10_WpWm_et_Dec_13.root
hadd Source file 56: out/susyplot/PowhegPythia8_AU2CT10_WZ_W13Z15_mll3p804d0_2L5_Dec_13.root
hadd Source file 57: out/susyplot/PowhegPythia8_AU2CT10_WZ_W15Z13_mll0p4614d0_2L5_Dec_13.root
hadd Source file 58: out/susyplot/PowhegPythia8_AU2CT10_WZ_W11Z15_mll3p804d0_2L5_Dec_13.root
hadd Source file 59: out/susyplot/PowhegPythia8_AU2CT10_WZ_W13Z11_mll0p250d0_2L5_Dec_13.root
hadd Source file 60: out/susyplot/PowhegPythia8_AU2CT10_WZ_W15Z11_mll0p250d0_2L5_Dec_13.root
hadd Source file 61: out/susyplot/PowhegPythia8_AU2CT10_WZ_W15Z15_mll3p804d0_2L5_Dec_13.root
hadd Source file 62: out/susyplot/PowhegPythia8_AU2CT10_WZ_W13Z13_mll0p4614d0_2L5_Dec_13.root
hadd Source file 63: out/susyplot/Sherpa_CT10_taunugammaPt10_Dec_13.root
hadd Target path: out/susyplot//merged//diboson_Dec_13.root:/
hadd Target file: out/susyplot//merged//higgs_Dec_13.root
hadd Source file 1: out/susyplot/PowhegPythia8_AU2CT10_ggH125_ZZllnunu_Dec_13.root
hadd Source file 2: out/susyplot/PowhegPythia8_AU2CT10_ggH125_ZZ4lep_Dec_13.root
hadd Source file 3: out/susyplot/PowhegPythia8_AU2CT10_ggH125_WW2lep_EF_15_5_Dec_13.root
hadd Source file 4: out/susyplot/Pythia8_AU2CTEQ6L1_ZH125_ZZllnunu_Dec_13.root
hadd Source file 5: out/susyplot/Pythia8_AU2CTEQ6L1_ZH125_WW2lep_Dec_13.root
hadd Source file 6: out/susyplot/Pythia8_AU2CTEQ6L1_ZH125_ZZ4lep_Dec_13.root
hadd Source file 7: out/susyplot/PowhegPythia8_AU2CT10_VBFH125_ZZllnunu_Dec_13.root
hadd Source file 8: out/susyplot/Pythia8_AU2CTEQ6L1_ZH125_ZZllqq_Dec_13.root
hadd Source file 9: out/susyplot/PowhegPythia8_AU2CT10_VBFH125_ZZ4lep_Dec_13.root
hadd Source file 10: out/susyplot/PowhegPythia8_AU2CT10_VBFH125_WW2lep_EF_15_5_Dec_13.root
hadd Source file 11: out/susyplot/Pythia8_AU2CTEQ6L1_WH125_ZZ4lep_Dec_13.root
hadd Source file 12: out/susyplot/Pythia8_AU2CTEQ6L1_WH125_ZZllnunu_Dec_13.root
hadd Source file 13: out/susyplot/Pythia8_AU2CTEQ6L1_WH125_ZZllqq_Dec_13.root
hadd Source file 14: out/susyplot/Pythia8_AU2CTEQ6L1_WH125_WW2lep_Dec_13.root
hadd Source file 15: out/susyplot/Pythia8_AU2CTEQ6L1_ZH125_tautaull_Dec_13.root
hadd Source file 16: out/susyplot/Pythia8_AU2CTEQ6L1_ttH125_tautaulh_Dec_13.root
hadd Source file 17: out/susyplot/Pythia8_AU2CTEQ6L1_ttH125_ZZinclusive_Dec_13.root
hadd Source file 18: out/susyplot/Pythia8_AU2CTEQ6L1_ZH125_mumu_Dec_13.root
hadd Source file 19: out/susyplot/Pythia8_AU2CTEQ6L1_ttH125_tautauhh_Dec_13.root
hadd Source file 20: out/susyplot/Pythia8_AU2CTEQ6L1_ttH125_WWinclusive_Dec_13.root
hadd Source file 21: out/susyplot/Pythia8_AU2CTEQ6L1_ttH125_tautaull_Dec_13.root
hadd Source file 22: out/susyplot/Pythia8_AU2CTEQ6L1_ZH125_tautaulh_Dec_13.root
hadd Source file 23: out/susyplot/Pythia8_AU2CTEQ6L1_ZH125_tautauhh_Dec_13.root
hadd Source file 24: out/susyplot/Pythia8_AU2CTEQ6L1_WH125_lnubb_Dec_13.root
hadd Target path: out/susyplot//merged//higgs_Dec_13.root:/
hadd Target file: out/susyplot//merged//wjets_Dec_13.root
hadd Source file 1: out/susyplot/AlpgenPythia_P2011C_WmunuNp3_Dec_13.root
hadd Source file 2: out/susyplot/AlpgenPythia_P2011C_WmunuNp0_Dec_13.root
hadd Source file 3: out/susyplot/AlpgenPythia_P2011C_WmunuNp1_Dec_13.root
hadd Source file 4: out/susyplot/AlpgenPythia_P2011C_WmunuNp5_Dec_13.root
hadd Source file 5: out/susyplot/AlpgenPythia_P2011C_WenuNp0_Dec_13.root
hadd Source file 6: out/susyplot/AlpgenPythia_P2011C_WenuNp2_Dec_13.root
hadd Source file 7: out/susyplot/AlpgenPythia_P2011C_WenuNp3_Dec_13.root
hadd Source file 8: out/susyplot/AlpgenPythia_P2011C_WtaunuNp0_Dec_13.root
hadd Source file 9: out/susyplot/AlpgenPythia_P2011C_WtaunuNp3_Dec_13.root
hadd Source file 10: out/susyplot/AlpgenPythia_P2011C_WenuNp4_Dec_13.root
hadd Source file 11: out/susyplot/AlpgenPythia_P2011C_WmunuNp4_Dec_13.root
hadd Source file 12: out/susyplot/AlpgenPythia_P2011C_WenuNp5_Dec_13.root
hadd Source file 13: out/susyplot/AlpgenPythia_P2011C_WtaunuNp1_Dec_13.root
hadd Source file 14: out/susyplot/AlpgenPythia_P2011C_WbbNp0_Dec_13.root
hadd Source file 15: out/susyplot/AlpgenPythia_P2011C_WccNp2_Dec_13.root
hadd Source file 16: out/susyplot/AlpgenPythia_P2011C_WbbNp2_Dec_13.root
hadd Source file 17: out/susyplot/AlpgenPythia_P2011C_WccNp3_Dec_13.root
hadd Source file 18: out/susyplot/AlpgenPythia_P2011C_WtaunuNp5_Dec_13.root
hadd Source file 19: out/susyplot/AlpgenPythia_P2011C_WccNp0_Dec_13.root
hadd Source file 20: out/susyplot/AlpgenPythia_P2011C_WbbNp3_Dec_13.root
hadd Source file 21: out/susyplot/AlpgenPythia_P2011C_WcNp4_Dec_13.root
hadd Source file 22: out/susyplot/AlpgenPythia_P2011C_WtaunuNp4_Dec_13.root
hadd Source file 23: out/susyplot/AlpgenPythia_P2011C_WcNp3_Dec_13.root
hadd Source file 24: out/susyplot/AlpgenPythia_P2011C_WbbNp1_Dec_13.root
hadd Source file 25: out/susyplot/AlpgenPythia_P2011C_WcNp2_Dec_13.root
hadd Source file 26: out/susyplot/AlpgenPythia_P2011C_WccNp1_Dec_13.root
hadd Source file 27: out/susyplot/AlpgenPythia_P2011C_WcNp0_Dec_13.root
hadd Source file 28: out/susyplot/AlpgenPythia_P2011C_WcNp1_Dec_13.root
hadd Source file 29: out/susyplot/AlpgenPythia_P2011C_WenuNp1_Dec_13.root
hadd Source file 30: out/susyplot/AlpgenPythia_P2011C_WtaunuNp2_Dec_13.root
hadd Source file 31: out/susyplot/AlpgenPythia_P2011C_WmunuNp2_Dec_13.root
hadd Target path: out/susyplot//merged//wjets_Dec_13.root:/
hadd Target file: out/susyplot//merged//heavyflavor_Dec_13.root
hadd Source file 1: out/susyplot/Pythia8B_AU2_CTEQ6L1_bbTomu20_Dec_13.root
hadd Source file 2: out/susyplot/Pythia8B_AU2_CTEQ6L1_ccTomu20_Dec_13.root
hadd Target path: out/susyplot//merged//heavyflavor_Dec_13.root:/
hadd Target file: out/susyplot//merged//Muons_Dec_13.root
hadd Source file 1: out/susyplot/periodG.physics_Muons.PhysCont_Dec_13.root
hadd Source file 2: out/susyplot/periodA.physics_Muons.PhysCont_Dec_13.root
hadd Source file 3: out/susyplot/periodL.physics_Muons.PhysCont_Dec_13.root
hadd Source file 4: out/susyplot/periodC.physics_Muons.PhysCont_Dec_13.root
hadd Source file 5: out/susyplot/periodI.physics_Muons.PhysCont_Dec_13.root
hadd Source file 6: out/susyplot/periodH.physics_Muons.PhysCont_Dec_13.root
hadd Source file 7: out/susyplot/periodJ.physics_Muons.PhysCont_Dec_13.root
hadd Source file 8: out/susyplot/periodE.physics_Muons.PhysCont_Dec_13.root
hadd Source file 9: out/susyplot/periodD.physics_Muons.PhysCont_Dec_13.root
hadd Source file 10: out/susyplot/periodB.physics_Muons.PhysCont_Dec_13.root
hadd Target path: out/susyplot//merged//Muons_Dec_13.root:/
hadd Target file: out/susyplot//merged//Egamma_Dec_13.root
hadd Source file 1: out/susyplot/periodA.physics_Egamma.PhysCont_Dec_13.root
hadd Source file 2: out/susyplot/periodL.physics_Egamma.PhysCont_Dec_13.root
hadd Source file 3: out/susyplot/periodC.physics_Egamma.PhysCont_Dec_13.root
hadd Source file 4: out/susyplot/periodI.physics_Egamma.PhysCont_Dec_13.root
hadd Source file 5: out/susyplot/periodG.physics_Egamma.PhysCont_Dec_13.root
hadd Source file 6: out/susyplot/periodH.physics_Egamma.PhysCont_Dec_13.root
hadd Source file 7: out/susyplot/periodJ.physics_Egamma.PhysCont_Dec_13.root
hadd Source file 8: out/susyplot/periodE.physics_Egamma.PhysCont_Dec_13.root
hadd Source file 9: out/susyplot/periodD.physics_Egamma.PhysCont_Dec_13.root
hadd Source file 10: out/susyplot/periodB.physics_Egamma.PhysCont_Dec_13.root
hadd Target path: out/susyplot//merged//Egamma_Dec_13.root:/
hadd Target file: out/susyplot//merged//zjets_Dec_13.root
hadd Source file 1: out/susyplot/AlpgenPythia_P2011C_ZtautauNp4_Dec_13.root
hadd Source file 2: out/susyplot/AlpgenPythia_P2011C_ZmumubbNp2_Dec_13.root
hadd Source file 3: out/susyplot/AlpgenPythia_P2011C_ZeebbNp0_Dec_13.root
hadd Source file 4: out/susyplot/AlpgenPythia_P2011C_ZtautaubbNp0_Dec_13.root
hadd Source file 5: out/susyplot/AlpgenPythia_P2011C_ZtautauNp3_Dec_13.root
hadd Source file 6: out/susyplot/AlpgenPythia_P2011C_ZmumubbNp3_Dec_13.root
hadd Source file 7: out/susyplot/AlpgenPythia_P2011C_ZtautauNp5_Dec_13.root
hadd Source file 8: out/susyplot/AlpgenPythia_P2011C_ZtautaubbNp1_Dec_13.root
hadd Source file 9: out/susyplot/AlpgenPythia_P2011C_ZmumubbNp0_Dec_13.root
hadd Source file 10: out/susyplot/AlpgenPythia_P2011C_ZeebbNp3_Dec_13.root
hadd Source file 11: out/susyplot/AlpgenPythia_P2011C_ZmumubbNp1_Dec_13.root
hadd Source file 12: out/susyplot/AlpgenPythia_P2011C_ZtautauNp2_Dec_13.root
hadd Source file 13: out/susyplot/AlpgenPythia_P2011C_ZeebbNp2_Dec_13.root
hadd Source file 14: out/susyplot/AlpgenPythia_P2011C_ZeebbNp1_Dec_13.root
hadd Source file 15: out/susyplot/AlpgenPythia_P2011C_ZtautauNp1_Dec_13.root
hadd Source file 16: out/susyplot/AlpgenPythia_P2011C_ZtautauccNp2_Dec_13.root
hadd Source file 17: out/susyplot/AlpgenJimmy_Auto_ZmumuNp5Incl_Mll10to60_Dec_13.root
hadd Source file 18: out/susyplot/AlpgenPythia_P2011C_ZmumuccNp0_Dec_13.root
hadd Source file 19: out/susyplot/AlpgenJimmy_Auto_ZmumuNp4Excl_Mll10to60_Dec_13.root
hadd Source file 20: out/susyplot/AlpgenPythia_P2011C_ZtautauccNp1_Dec_13.root
hadd Source file 21: out/susyplot/AlpgenJimmy_Auto_AUET2CTEQ6L1_ZeeNp1Excl_Mll10to60_Dec_13.root
hadd Source file 22: out/susyplot/AlpgenPythia_P2011C_ZtautauccNp3_Dec_13.root
hadd Source file 23: out/susyplot/AlpgenPythia_P2011C_ZmumuccNp2_Dec_13.root
hadd Source file 24: out/susyplot/AlpgenPythia_P2011C_ZmumuNp3_Dec_13.root
hadd Source file 25: out/susyplot/AlpgenPythia_P2011C_ZeeccNp3_Dec_13.root
hadd Source file 26: out/susyplot/AlpgenJimmy_Auto_AUET2CTEQ6L1_ZeeNp3Excl_Mll10to60_Dec_13.root
hadd Source file 27: out/susyplot/AlpgenJimmy_Auto_ZmumuNp3Excl_Mll10to60_Dec_13.root
hadd Source file 28: out/susyplot/AlpgenPythia_P2011C_ZeeccNp0_Dec_13.root
hadd Source file 29: out/susyplot/AlpgenJimmy_Auto_AUET2CTEQ6L1_ZeeNp4Excl_Mll10to60_Dec_13.root
hadd Source file 30: out/susyplot/AlpgenPythia_P2011C_ZtautaubbNp3_Dec_13.root
hadd Source file 31: out/susyplot/AlpgenPythia_P2011C_ZeeccNp2_Dec_13.root
hadd Source file 32: out/susyplot/AlpgenPythia_P2011C_ZtautaubbNp2_Dec_13.root
hadd Source file 33: out/susyplot/AlpgenPythia_P2011C_ZmumuccNp3_Dec_13.root
hadd Source file 34: out/susyplot/AlpgenJimmy_Auto_ZtautauNp5Incl_Mll10to60_Dec_13.root
hadd Source file 35: out/susyplot/AlpgenJimmy_Auto_AUET2CTEQ6L1_ZeeNp0Excl_Mll10to60_Dec_13.root
hadd Source file 36: out/susyplot/AlpgenJimmy_Auto_ZmumuNp0Excl_Mll10to60_Dec_13.root
hadd Source file 37: out/susyplot/AlpgenPythia_P2011C_ZeeNp5_Dec_13.root
hadd Source file 38: out/susyplot/AlpgenPythia_P2011C_ZeeccNp1_Dec_13.root
hadd Source file 39: out/susyplot/AlpgenPythia_P2011C_ZeeNp4_Dec_13.root
hadd Source file 40: out/susyplot/AlpgenPythia_P2011C_ZtautauccNp0_Dec_13.root
hadd Source file 41: out/susyplot/AlpgenJimmy_Auto_ZmumuNp2Excl_Mll10to60_Dec_13.root
hadd Source file 42: out/susyplot/AlpgenJimmy_Auto_AUET2CTEQ6L1_ZeeNp5Incl_Mll10to60_Dec_13.root
hadd Source file 43: out/susyplot/AlpgenPythia_P2011C_ZeeNp2_Dec_13.root
hadd Source file 44: out/susyplot/AlpgenJimmy_Auto_ZmumuNp1Excl_Mll10to60_Dec_13.root
hadd Source file 45: out/susyplot/AlpgenPythia_P2011C_ZmumuccNp1_Dec_13.root
hadd Source file 46: out/susyplot/AlpgenJimmy_Auto_ZtautauNp1Excl_Mll10to60_Dec_13.root
hadd Source file 47: out/susyplot/AlpgenPythia_P2011C_ZmumuNp5_Dec_13.root
hadd Source file 48: out/susyplot/AlpgenJimmy_Auto_ZtautauNp4Excl_Mll10to60_Dec_13.root
hadd Source file 49: out/susyplot/AlpgenJimmy_Auto_AUET2CTEQ6L1_ZeeNp2Excl_Mll10to60_Dec_13.root
hadd Source file 50: out/susyplot/AlpgenPythia_P2011C_ZmumuNp4_Dec_13.root
hadd Source file 51: out/susyplot/AlpgenJimmy_Auto_ZtautauNp0Excl_Mll10to60_Dec_13.root
hadd Source file 52: out/susyplot/AlpgenPythia_P2011C_ZeeNp3_Dec_13.root
hadd Source file 53: out/susyplot/AlpgenJimmy_Auto_ZtautauNp3Excl_Mll10to60_Dec_13.root
hadd Source file 54: out/susyplot/AlpgenJimmy_Auto_ZtautauNp2Excl_Mll10to60_Dec_13.root
hadd Source file 55: out/susyplot/AlpgenPythia_P2011C_ZmumuNp2_Dec_13.root
hadd Source file 56: out/susyplot/AlpgenPythia_P2011C_ZmumuNp1_Dec_13.root
hadd Source file 57: out/susyplot/AlpgenPythia_P2011C_ZmumuNp0_Dec_13.root
hadd Source file 58: out/susyplot/AlpgenPythia_P2011C_ZeeNp0_Dec_13.root
hadd Source file 59: out/susyplot/AlpgenPythia_P2011C_ZeeNp1_Dec_13.root
hadd Source file 60: out/susyplot/AlpgenPythia_P2011C_ZtautauNp0_Dec_13.root
hadd Target path: out/susyplot//merged//zjets_Dec_13.root:/
hadd Target file: out/susyplot//merged//ttbar_Dec_13.root
hadd Source file 1: out/susyplot/McAtNloJimmy_AUET2CT10_SingleTopSChanWenu_Dec_13.root
hadd Source file 2: out/susyplot/McAtNloJimmy_AUET2CT10_SingleTopSChanWmunu_Dec_13.root
hadd Source file 3: out/susyplot/McAtNloJimmy_AUET2CT10_SingleTopSChanWtaunu_Dec_13.root
hadd Source file 4: out/susyplot/AcerMCPythia_AUET2BCTEQ6L1_singletop_tchan_mu_Dec_13.root
hadd Source file 5: out/susyplot/AcerMCPythia_AUET2BCTEQ6L1_singletop_tchan_tau_Dec_13.root
hadd Source file 6: out/susyplot/AcerMCPythia_AUET2BCTEQ6L1_singletop_tchan_e_Dec_13.root
hadd Source file 7: out/susyplot/MadGraphPythia_AUET2BCTEQ6L1_ttbarZ_Dec_13.root
hadd Source file 8: out/susyplot/MadGraphPythia_AUET2BCTEQ6L1_ttbarWj_Dec_13.root
hadd Source file 9: out/susyplot/MadGraphPythia_AUET2BCTEQ6L1_ttbarW_Dec_13.root
hadd Source file 10: out/susyplot/MadGraphPythia_AUET2BCTEQ6L1_ttbarZj_Dec_13.root
hadd Source file 11: out/susyplot/MadgraphPythia_AUET2B_CTEQ6L1_ttbarWW_Dec_13.root
hadd Source file 12: out/susyplot/McAtNloJimmy_AUET2CT10_SingleTopWtChanIncl_Dec_13.root
hadd Source file 13: out/susyplot/McAtNloJimmy_CT10_ttbar_LeptonFilter_Dec_13.root
hadd Target path: out/susyplot//merged//ttbar_Dec_13.root:/
